<?xml version="1.0" encoding="UTF-8"?>
<!-- Generated by org.testng.reporters.JUnitReportReporter -->
<testsuite skipped="0" hostname="DESKTOP-9RUAAED" name="SeleniumProject.jenkinsproject.TestClass" tests="1" failures="0" timestamp="24 Mar 2022 13:18:19 GMT" time="0.008" errors="0">
  <testcase name="m" time="0.008" classname="SeleniumProject.jenkinsproject.TestClass"/>
</testsuite> <!-- SeleniumProject.jenkinsproject.TestClass -->
